2025-06-26 16:17:40,818 - rag - ERROR - Error adding chunks to knowledge base: Error code: 404 - {'error_msg': 'Not Found. Please check the configuration.'}
2025-06-26 16:28:40,355 - rag - ERROR - Error adding chunks to knowledge base: Error code: 404 - {'error_msg': 'Not Found. Please check the configuration.'}
2025-06-26 17:07:50,113 - rag - ERROR - Error adding chunks to knowledge base: not enough values to unpack (expected 2, got 1)
2025-06-26 17:34:32,946 - rag - INFO - Successfully added 60 chunks to knowledge base
2025-06-26 17:36:55,089 - rag - INFO - Successfully loaded existing vector database
2025-06-26 18:37:20,745 - rag - INFO - Extracted 42 knowledge points
2025-06-26 18:37:21,787 - rag - ERROR - Error searching knowledge base: 'list' object has no attribute 'shape'
2025-06-26 18:37:21,796 - rag - ERROR - Error generating teaching content: 'list' object has no attribute 'shape'
2025-06-26 18:38:19,345 - rag - INFO - Successfully loaded existing vector database
2025-06-26 19:05:19,578 - rag - INFO - Successfully loaded existing vector database
2025-06-26 19:07:14,979 - rag - INFO - Extracted 37 knowledge points
2025-06-26 19:07:16,127 - rag - INFO - Successfully searched knowledge base for query: 根据《信号与系统》第一章的典型内容框架，结合课程大纲要求，提取的关键知识点如下：
2025-06-26 19:07:16,411 - rag - ERROR - Error searching knowledge base: Error code: 400 - {'error': {'code': 'InvalidParameter', 'param': None, 'message': 'input.texts should not be null', 'type': 'InvalidParameter'}, 'id': '869b49af-03e6-9938-815d-93a8e088b48c', 'request_id': '869b49af-03e6-9938-815d-93a8e088b48c'}
2025-06-26 19:07:16,413 - rag - ERROR - Error generating teaching content: Error code: 400 - {'error': {'code': 'InvalidParameter', 'param': None, 'message': 'input.texts should not be null', 'type': 'InvalidParameter'}, 'id': '869b49af-03e6-9938-815d-93a8e088b48c', 'request_id': '869b49af-03e6-9938-815d-93a8e088b48c'}
2025-06-26 19:08:50,965 - rag - INFO - Successfully loaded existing vector database
2025-06-26 19:08:59,323 - rag - INFO - Successfully loaded existing vector database
2025-06-26 19:10:31,878 - rag - INFO - Extracted 27 knowledge points
2025-06-26 19:10:33,170 - rag - INFO - Successfully searched knowledge base for query: 以下是基于《信号处理基础》课程大纲提取的关键知识点，按照逻辑关联和知识结构分层排列：
2025-06-26 19:10:33,621 - rag - INFO - Successfully searched knowledge base for query: ---
2025-06-26 19:10:34,018 - rag - INFO - Successfully searched knowledge base for query: **一、奇异信号的定义与分类**
2025-06-26 19:10:34,745 - rag - INFO - Successfully searched knowledge base for query: 1. 理解奇异信号的数学定义（无法用常规函数表示的非物理可实现信号）
2025-06-26 19:10:35,425 - rag - INFO - Successfully searched knowledge base for query: 2. 掌握单位阶跃信号（u(t)）的定义、性质及物理意义
2025-06-26 19:10:35,879 - rag - INFO - Successfully searched knowledge base for query: 3. 掌握单位冲激信号（δ(t)）的定义、采样特性与加权特性
2025-06-26 19:10:36,333 - rag - INFO - Successfully searched knowledge base for query: 4. 理解冲激偶信号（δ'(t)）的导数定义及其与冲激信号的关系
2025-06-26 19:10:36,766 - rag - INFO - Successfully searched knowledge base for query: **二、奇异信号的核心性质**
2025-06-26 19:10:37,120 - rag - INFO - Successfully searched knowledge base for query: 5. 分析单位阶跃信号与单位冲激信号的微分/积分关系（δ(t)=du(t)/dt）
2025-06-26 19:10:37,812 - rag - INFO - Successfully searched knowledge base for query: 6. 推导冲激信号的尺度变换性质（δ(at)=1/|a|·δ(t)）
2025-06-26 19:10:38,180 - rag - INFO - Successfully searched knowledge base for query: 7. 掌握冲激信号的复合函数性质（δ(f(t))的计算方法）
2025-06-26 19:10:38,914 - rag - INFO - Successfully searched knowledge base for query: **三、连续时间信号的基本性质**
2025-06-26 19:10:39,349 - rag - INFO - Successfully searched knowledge base for query: 8. 区分确定性信号与随机信号的特征差异
2025-06-26 19:10:39,723 - rag - INFO - Successfully searched knowledge base for query: 9. 判断信号的周期性（周期计算公式与判定条件）
2025-06-26 19:10:40,105 - rag - INFO - Successfully searched knowledge base for query: 10. 分析信号的奇偶性（奇分量与偶分量分解方法）
2025-06-26 19:10:40,478 - rag - INFO - Successfully searched knowledge base for query: 11. 计算信号的能量与功率（能量有限信号 vs 功率有限信号）
2025-06-26 19:10:40,857 - rag - INFO - Successfully searched knowledge base for query: **四、信号的基本运算**
2025-06-26 19:10:41,242 - rag - INFO - Successfully searched knowledge base for query: 12. 实现信号的时移、反褶与尺度变换运算
2025-06-26 19:10:41,601 - rag - INFO - Successfully searched knowledge base for query: 13. 掌握信号的微分与积分运算（以奇异信号为例）
2025-06-26 19:10:42,072 - rag - INFO - Successfully searched knowledge base for query: 14. 理解信号的相加与相乘运算（调制应用场景）
2025-06-26 19:10:42,622 - rag - INFO - Successfully searched knowledge base for query: **五、信号的时间域表示方法**
2025-06-26 19:10:42,981 - rag - INFO - Successfully searched knowledge base for query: 15. 用奇异信号组合表示复杂信号（如矩形脉冲分解为阶跃信号差）
2025-06-26 19:10:43,346 - rag - INFO - Successfully searched knowledge base for query: 16. 建立任意信号与冲激信号的卷积表示关系（s(t)=∫s(τ)δ(t-τ)dτ）
2025-06-26 19:10:43,754 - rag - INFO - Successfully searched knowledge base for query: ---
2025-06-26 19:10:44,287 - rag - INFO - Successfully searched knowledge base for query: **逻辑关联说明**：
2025-06-26 19:10:44,648 - rag - INFO - Successfully searched knowledge base for query: - 从奇异信号（核心工具）→信号性质（分析基础）→运算方法（操作手段）→最终应用（信号表示），形成闭环知识链。
2025-06-26 19:10:45,034 - rag - INFO - Successfully searched knowledge base for query: - 每个知识点均可独立验证（如通过MATLAB仿真奇异信号性质）或数学推导（如冲激信号尺度变换证明）。
2025-06-26 19:10:45,036 - rag - ERROR - Error generating teaching content: Invalid format specifier ' "课时标题",
                    "content": "知识点讲解内容",
                    "practiceContent": "实训练习内容",
                    "teachingGuidance": "教学指导建议",
                    "suggestedHours": "建议课时数",
                    "knowledgeSources": ["知识点来源1", "知识点来源2"]
                ' for object of type 'str'
2025-06-26 19:11:24,749 - rag - INFO - Successfully loaded existing vector database
